# JRE version: Java(TM) SE Runtime Environment (18.0.1.1+2) (build 18.0.1.1+2-6)
# Java VM: Java HotSpot(TM) 64-Bit Server VM (18.0.1.1+2-6, mixed mode, sharing, tiered, compressed oops, compressed class ptrs, g1 gc, windows-amd64)
GC Precious Log:
 CardTable entry size: 512
 Card Set container configuration: InlinePtr #cards 4 size 8 Array Of Cards #cards 32 size 80 Howl #buckets 8 coarsen threshold 7372 Howl Bitmap #cards 1024 size 144 coarsen threshold 921 Card regions per heap region 1 cards per card region 8192
 CPUs: 4 total, 4 available
 Memory: 8109M
 Large Page Support: Disabled
 NUMA Support: Disabled
 Compressed Oops: Enabled (Zero based)
 Heap Region Size: 4M
 Heap Min Capacity: 8M
 Heap Initial Capacity: 128M
 Heap Max Capacity: 8G
 Pre-touch: Disabled
 Parallel Workers: 4
 Concurrent Workers: 1
 Concurrent Refinement Workers: 4
 Periodic GC: Disabled
Heap:
 garbage-first heap   total 212992K, used 53059K [0x0000000600000000, 0x0000000800000000)
  region size 4096K, 3 young (12288K), 3 survivors (12288K)
 Metaspace       used 47390K, committed 48576K, reserved 1114112K
  class space    used 6324K, committed 6912K, reserved 1048576K
GC Heap History (20 events):
Event: 29.560 GC heap after
{Heap after GC invocations=14 (full 0):
 garbage-first heap   total 110592K, used 44091K [0x0000000600000000, 0x0000000800000000)
  region size 4096K, 1 young (4096K), 1 survivors (4096K)
 Metaspace       used 42901K, committed 44032K, reserved 1114112K
  class space    used 5893K, committed 6464K, reserved 1048576K
}
Event: 29.937 GC heap before
{Heap before GC invocations=14 (full 0):
 garbage-first heap   total 110592K, used 85051K [0x0000000600000000, 0x0000000800000000)
  region size 4096K, 11 young (45056K), 1 survivors (4096K)
 Metaspace       used 43172K, committed 44288K, reserved 1114112K
  class space    used 5915K, committed 6464K, reserved 1048576K
}
Event: 29.945 GC heap after
{Heap after GC invocations=15 (full 0):
 garbage-first heap   total 176128K, used 46315K [0x0000000600000000, 0x0000000800000000)
  region size 4096K, 2 young (8192K), 2 survivors (8192K)
 Metaspace       used 43172K, committed 44288K, reserved 1114112K
  class space    used 5915K, committed 6464K, reserved 1048576K
}
Event: 32.604 GC heap before
{Heap before GC invocations=15 (full 0):
 garbage-first heap   total 176128K, used 128235K [0x0000000600000000, 0x0000000800000000)
  region size 4096K, 23 young (94208K), 2 survivors (8192K)
 Metaspace       used 47165K, committed 48384K, reserved 1114112K
  class space    used 6315K, committed 6912K, reserved 1048576K
}
Event: 32.613 GC heap after
{Heap after GC invocations=16 (full 0):
 garbage-first heap   total 176128K, used 48187K [0x0000000600000000, 0x0000000800000000)
  region size 4096K, 2 young (8192K), 2 survivors (8192K)
 Metaspace       used 47165K, committed 48384K, reserved 1114112K
  class space    used 6315K, committed 6912K, reserved 1048576K
}
Event: 33.013 GC heap before
{Heap before GC invocations=16 (full 0):
 garbage-first heap   total 176128K, used 138299K [0x0000000600000000, 0x0000000800000000)
  region size 4096K, 24 young (98304K), 2 survivors (8192K)
 Metaspace       used 47300K, committed 48512K, reserved 1114112K
  class space    used 6316K, committed 6912K, reserved 1048576K
}
Event: 33.023 GC heap after
{Heap after GC invocations=17 (full 0):
 garbage-first heap   total 176128K, used 49426K [0x0000000600000000, 0x0000000800000000)
  region size 4096K, 2 young (8192K), 2 survivors (8192K)
 Metaspace       used 47300K, committed 48512K, reserved 1114112K
  class space    used 6316K, committed 6912K, reserved 1048576K
}
Event: 33.365 GC heap before
{Heap before GC invocations=17 (full 0):
 garbage-first heap   total 176128K, used 139538K [0x0000000600000000, 0x0000000800000000)
  region size 4096K, 24 young (98304K), 2 survivors (8192K)
 Metaspace       used 47339K, committed 48576K, reserved 1114112K
  class space    used 6317K, committed 6912K, reserved 1048576K
}
Event: 33.372 GC heap after
{Heap after GC invocations=18 (full 0):
 garbage-first heap   total 176128K, used 49868K [0x0000000600000000, 0x0000000800000000)
  region size 4096K, 2 young (8192K), 2 survivors (8192K)
 Metaspace       used 47339K, committed 48576K, reserved 1114112K
  class space    used 6317K, committed 6912K, reserved 1048576K
}
Event: 33.881 GC heap before
{Heap before GC invocations=18 (full 0):
 garbage-first heap   total 176128K, used 139980K [0x0000000600000000, 0x0000000800000000)
  region size 4096K, 24 young (98304K), 2 survivors (8192K)
 Metaspace       used 47341K, committed 48576K, reserved 1114112K
  class space    used 6317K, committed 6912K, reserved 1048576K
}
Event: 33.886 GC heap after
{Heap after GC invocations=19 (full 0):
 garbage-first heap   total 176128K, used 50091K [0x0000000600000000, 0x0000000800000000)
  region size 4096K, 2 young (8192K), 2 survivors (8192K)
 Metaspace       used 47341K, committed 48576K, reserved 1114112K
  class space    used 6317K, committed 6912K, reserved 1048576K
}
Event: 34.292 GC heap before
{Heap before GC invocations=19 (full 0):
 garbage-first heap   total 176128K, used 144299K [0x0000000600000000, 0x0000000800000000)
  region size 4096K, 25 young (102400K), 2 survivors (8192K)
 Metaspace       used 47346K, committed 48576K, reserved 1114112K
  class space    used 6317K, committed 6912K, reserved 1048576K
}
Event: 34.299 GC heap after
{Heap after GC invocations=20 (full 0):
 garbage-first heap   total 212992K, used 50638K [0x0000000600000000, 0x0000000800000000)
  region size 4096K, 2 young (8192K), 2 survivors (8192K)
 Metaspace       used 47346K, committed 48576K, reserved 1114112K
  class space    used 6317K, committed 6912K, reserved 1048576K
}
Event: 34.567 GC heap before
{Heap before GC invocations=20 (full 0):
 garbage-first heap   total 212992K, used 169422K [0x0000000600000000, 0x0000000800000000)
  region size 4096K, 31 young (126976K), 2 survivors (8192K)
 Metaspace       used 47346K, committed 48576K, reserved 1114112K
  class space    used 6317K, committed 6912K, reserved 1048576K
}
Event: 34.573 GC heap after
{Heap after GC invocations=21 (full 0):
 garbage-first heap   total 212992K, used 50575K [0x0000000600000000, 0x0000000800000000)
  region size 4096K, 2 young (8192K), 2 survivors (8192K)
 Metaspace       used 47346K, committed 48576K, reserved 1114112K
  class space    used 6317K, committed 6912K, reserved 1048576K
}
Event: 35.140 GC heap before
{Heap before GC invocations=21 (full 0):
 garbage-first heap   total 212992K, used 169359K [0x0000000600000000, 0x0000000800000000)
  region size 4096K, 31 young (126976K), 2 survivors (8192K)
 Metaspace       used 47350K, committed 48576K, reserved 1114112K
  class space    used 6317K, committed 6912K, reserved 1048576K
}
Event: 35.147 GC heap after
{Heap after GC invocations=22 (full 0):
 garbage-first heap   total 212992K, used 51626K [0x0000000600000000, 0x0000000800000000)
  region size 4096K, 2 young (8192K), 2 survivors (8192K)
 Metaspace       used 47350K, committed 48576K, reserved 1114112K
  class space    used 6317K, committed 6912K, reserved 1048576K
}
Event: 35.671 GC heap before
{Heap before GC invocations=22 (full 0):
 garbage-first heap   total 212992K, used 166314K [0x0000000600000000, 0x0000000800000000)
  region size 4096K, 31 young (126976K), 2 survivors (8192K)
 Metaspace       used 47374K, committed 48576K, reserved 1114112K
  class space    used 6324K, committed 6912K, reserved 1048576K
}
Event: 35.678 GC heap after
{Heap after GC invocations=23 (full 0):
 garbage-first heap   total 212992K, used 52313K [0x0000000600000000, 0x0000000800000000)
  region size 4096K, 2 young (8192K), 2 survivors (8192K)
 Metaspace       used 47374K, committed 48576K, reserved 1114112K
  class space    used 6324K, committed 6912K, reserved 1048576K
}
Event: 36.396 GC heap before
{Heap before GC invocations=23 (full 0):
 garbage-first heap   total 212992K, used 171097K [0x0000000600000000, 0x0000000800000000)
  region size 4096K, 31 young (126976K), 2 survivors (8192K)
 Metaspace       used 47390K, committed 48576K, reserved 1114112K
  class space    used 6324K, committed 6912K, reserved 1048576K
}

