# JRE version: Java(TM) SE Runtime Environment (18.0.1.1+2) (build 18.0.1.1+2-6)
# Java VM: Java HotSpot(TM) 64-Bit Server VM (18.0.1.1+2-6, mixed mode, sharing, tiered, compressed oops, compressed class ptrs, g1 gc, windows-amd64)
GC Precious Log:
 CardTable entry size: 512
 Card Set container configuration: InlinePtr #cards 4 size 8 Array Of Cards #cards 32 size 80 Howl #buckets 8 coarsen threshold 7372 Howl Bitmap #cards 1024 size 144 coarsen threshold 921 Card regions per heap region 1 cards per card region 8192
 CPUs: 4 total, 4 available
 Memory: 8109M
 Large Page Support: Disabled
 NUMA Support: Disabled
 Compressed Oops: Enabled (Zero based)
 Heap Region Size: 4M
 Heap Min Capacity: 8M
 Heap Initial Capacity: 128M
 Heap Max Capacity: 8G
 Pre-touch: Disabled
 Parallel Workers: 4
 Concurrent Workers: 1
 Concurrent Refinement Workers: 4
 Periodic GC: Disabled
Heap:
 garbage-first heap   total 139264K, used 38194K [0x0000000600000000, 0x0000000800000000)
  region size 4096K, 1 young (4096K), 1 survivors (4096K)
 Metaspace       used 44820K, committed 45952K, reserved 1114112K
  class space    used 6036K, committed 6592K, reserved 1048576K
GC Heap History (20 events):
Event: 3.879 GC heap after
{Heap after GC invocations=7 (full 0):
 garbage-first heap   total 98304K, used 26169K [0x0000000600000000, 0x0000000800000000)
  region size 4096K, 2 young (8192K), 2 survivors (8192K)
 Metaspace       used 27834K, committed 28672K, reserved 1114112K
  class space    used 4045K, committed 4480K, reserved 1048576K
}
Event: 3.944 GC heap before
{Heap before GC invocations=7 (full 0):
 garbage-first heap   total 98304K, used 30265K [0x0000000600000000, 0x0000000800000000)
  region size 4096K, 3 young (12288K), 2 survivors (8192K)
 Metaspace       used 28650K, committed 29632K, reserved 1114112K
  class space    used 4131K, committed 4608K, reserved 1048576K
}
Event: 3.953 GC heap after
{Heap after GC invocations=8 (full 0):
 garbage-first heap   total 98304K, used 27790K [0x0000000600000000, 0x0000000800000000)
  region size 4096K, 1 young (4096K), 1 survivors (4096K)
 Metaspace       used 28650K, committed 29632K, reserved 1114112K
  class space    used 4131K, committed 4608K, reserved 1048576K
}
Event: 4.369 GC heap before
{Heap before GC invocations=8 (full 0):
 garbage-first heap   total 98304K, used 68750K [0x0000000600000000, 0x0000000800000000)
  region size 4096K, 11 young (45056K), 1 survivors (4096K)
 Metaspace       used 31627K, committed 32576K, reserved 1114112K
  class space    used 4587K, committed 5056K, reserved 1048576K
}
Event: 4.373 GC heap after
{Heap after GC invocations=9 (full 0):
 garbage-first heap   total 139264K, used 29269K [0x0000000600000000, 0x0000000800000000)
  region size 4096K, 1 young (4096K), 1 survivors (4096K)
 Metaspace       used 31627K, committed 32576K, reserved 1114112K
  class space    used 4587K, committed 5056K, reserved 1048576K
}
Event: 5.456 GC heap before
{Heap before GC invocations=9 (full 0):
 garbage-first heap   total 139264K, used 90709K [0x0000000600000000, 0x0000000800000000)
  region size 4096K, 17 young (69632K), 1 survivors (4096K)
 Metaspace       used 35143K, committed 36096K, reserved 1114112K
  class space    used 5019K, committed 5504K, reserved 1048576K
}
Event: 5.463 GC heap after
{Heap after GC invocations=10 (full 0):
 garbage-first heap   total 139264K, used 32022K [0x0000000600000000, 0x0000000800000000)
  region size 4096K, 2 young (8192K), 2 survivors (8192K)
 Metaspace       used 35143K, committed 36096K, reserved 1114112K
  class space    used 5019K, committed 5504K, reserved 1048576K
}
Event: 6.355 GC heap before
{Heap before GC invocations=11 (full 0):
 garbage-first heap   total 139264K, used 97558K [0x0000000600000000, 0x0000000800000000)
  region size 4096K, 19 young (77824K), 2 survivors (8192K)
 Metaspace       used 43904K, committed 45056K, reserved 1114112K
  class space    used 5963K, committed 6528K, reserved 1048576K
}
Event: 6.366 GC heap after
{Heap after GC invocations=12 (full 0):
 garbage-first heap   total 139264K, used 36927K [0x0000000600000000, 0x0000000800000000)
  region size 4096K, 3 young (12288K), 3 survivors (12288K)
 Metaspace       used 43904K, committed 45056K, reserved 1114112K
  class space    used 5963K, committed 6528K, reserved 1048576K
}
Event: 6.375 GC heap before
{Heap before GC invocations=12 (full 0):
 garbage-first heap   total 139264K, used 41023K [0x0000000600000000, 0x0000000800000000)
  region size 4096K, 4 young (16384K), 3 survivors (12288K)
 Metaspace       used 43904K, committed 45056K, reserved 1114112K
  class space    used 5963K, committed 6528K, reserved 1048576K
}
Event: 6.386 GC heap after
{Heap after GC invocations=13 (full 0):
 garbage-first heap   total 139264K, used 37199K [0x0000000600000000, 0x0000000800000000)
  region size 4096K, 1 young (4096K), 1 survivors (4096K)
 Metaspace       used 43904K, committed 45056K, reserved 1114112K
  class space    used 5963K, committed 6528K, reserved 1048576K
}
Event: 6.751 GC heap before
{Heap before GC invocations=13 (full 0):
 garbage-first heap   total 139264K, used 102735K [0x0000000600000000, 0x0000000800000000)
  region size 4096K, 17 young (69632K), 1 survivors (4096K)
 Metaspace       used 44737K, committed 45888K, reserved 1114112K
  class space    used 6035K, committed 6592K, reserved 1048576K
}
Event: 6.754 GC heap after
{Heap after GC invocations=14 (full 0):
 garbage-first heap   total 139264K, used 36968K [0x0000000600000000, 0x0000000800000000)
  region size 4096K, 1 young (4096K), 1 survivors (4096K)
 Metaspace       used 44737K, committed 45888K, reserved 1114112K
  class space    used 6035K, committed 6592K, reserved 1048576K
}
Event: 6.985 GC heap before
{Heap before GC invocations=14 (full 0):
 garbage-first heap   total 139264K, used 102504K [0x0000000600000000, 0x0000000800000000)
  region size 4096K, 17 young (69632K), 1 survivors (4096K)
 Metaspace       used 44777K, committed 45952K, reserved 1114112K
  class space    used 6035K, committed 6592K, reserved 1048576K
}
Event: 6.987 GC heap after
{Heap after GC invocations=15 (full 0):
 garbage-first heap   total 139264K, used 37364K [0x0000000600000000, 0x0000000800000000)
  region size 4096K, 1 young (4096K), 1 survivors (4096K)
 Metaspace       used 44777K, committed 45952K, reserved 1114112K
  class space    used 6035K, committed 6592K, reserved 1048576K
}
Event: 7.237 GC heap before
{Heap before GC invocations=15 (full 0):
 garbage-first heap   total 139264K, used 106996K [0x0000000600000000, 0x0000000800000000)
  region size 4096K, 18 young (73728K), 1 survivors (4096K)
 Metaspace       used 44807K, committed 45952K, reserved 1114112K
  class space    used 6036K, committed 6592K, reserved 1048576K
}
Event: 7.239 GC heap after
{Heap after GC invocations=16 (full 0):
 garbage-first heap   total 139264K, used 37645K [0x0000000600000000, 0x0000000800000000)
  region size 4096K, 1 young (4096K), 1 survivors (4096K)
 Metaspace       used 44807K, committed 45952K, reserved 1114112K
  class space    used 6036K, committed 6592K, reserved 1048576K
}
Event: 7.425 GC heap before
{Heap before GC invocations=16 (full 0):
 garbage-first heap   total 139264K, used 107277K [0x0000000600000000, 0x0000000800000000)
  region size 4096K, 18 young (73728K), 1 survivors (4096K)
 Metaspace       used 44819K, committed 45952K, reserved 1114112K
  class space    used 6036K, committed 6592K, reserved 1048576K
}
Event: 7.427 GC heap after
{Heap after GC invocations=17 (full 0):
 garbage-first heap   total 139264K, used 37933K [0x0000000600000000, 0x0000000800000000)
  region size 4096K, 1 young (4096K), 1 survivors (4096K)
 Metaspace       used 44819K, committed 45952K, reserved 1114112K
  class space    used 6036K, committed 6592K, reserved 1048576K
}
Event: 7.632 GC heap before
{Heap before GC invocations=17 (full 0):
 garbage-first heap   total 139264K, used 111661K [0x0000000600000000, 0x0000000800000000)
  region size 4096K, 19 young (77824K), 1 survivors (4096K)
 Metaspace       used 44820K, committed 45952K, reserved 1114112K
  class space    used 6036K, committed 6592K, reserved 1048576K
}

